<?xml version="1.0" encoding="UTF-8"?>
<testsuite name="dev.visie.elections.AuthenticationControllerTest" tests="2" skipped="0" failures="0" errors="0" timestamp="2025-01-23T10:47:31" hostname="Mac.localdomain" time="0.146">
  <properties/>
  <testcase name="testAuthenticate()" classname="dev.visie.elections.AuthenticationControllerTest" time="0.1"/>
  <testcase name="testRegister()" classname="dev.visie.elections.AuthenticationControllerTest" time="0.044"/>
  <system-out><![CDATA[11:47:26.316 [Test worker] INFO org.springframework.test.context.support.AnnotationConfigContextLoaderUtils -- Could not detect default configuration classes for test class [dev.visie.elections.AuthenticationControllerTest]: AuthenticationControllerTest does not declare any static, non-private, non-final, nested classes annotated with @Configuration.
11:47:26.399 [Test worker] INFO org.springframework.boot.test.context.SpringBootTestContextBootstrapper -- Found @SpringBootConfiguration dev.visie.elections.ElectionsApplication for test class dev.visie.elections.AuthenticationControllerTest

  .   ____          _            __ _ _
 /\\ / ___'_ __ _ _(_)_ __  __ _ \ \ \ \
( ( )\___ | '_ | '_| | '_ \/ _` | \ \ \ \
 \\/  ___)| |_)| | | | | || (_| |  ) ) ) )
  '  |____| .__|_| |_|_| |_\__, | / / / /
 =========|_|==============|___/=/_/_/_/

 :: Spring Boot ::                (v3.3.3)

2025-01-23T11:47:26.669+01:00  INFO 16555 --- [elections] [    Test worker] d.v.e.AuthenticationControllerTest       : Starting AuthenticationControllerTest using Java 21.0.3 with PID 16555 (started by aaronlaan in /Users/aaronlaan/Desktop/Repo/Java/siiquujuucii98/backend)
2025-01-23T11:47:26.670+01:00  INFO 16555 --- [elections] [    Test worker] d.v.e.AuthenticationControllerTest       : The following 1 profile is active: "test"
2025-01-23T11:47:27.037+01:00  INFO 16555 --- [elections] [    Test worker] .s.d.r.c.RepositoryConfigurationDelegate : Bootstrapping Spring Data JPA repositories in DEFAULT mode.
2025-01-23T11:47:27.079+01:00  INFO 16555 --- [elections] [    Test worker] .s.d.r.c.RepositoryConfigurationDelegate : Finished Spring Data repository scanning in 36 ms. Found 17 JPA repository interfaces.
2025-01-23T11:47:28.347+01:00  INFO 16555 --- [elections] [    Test worker] o.hibernate.jpa.internal.util.LogHelper  : HHH000204: Processing PersistenceUnitInfo [name: default]
2025-01-23T11:47:28.403+01:00  INFO 16555 --- [elections] [    Test worker] org.hibernate.Version                    : HHH000412: Hibernate ORM core version 6.5.2.Final
2025-01-23T11:47:28.437+01:00  INFO 16555 --- [elections] [    Test worker] o.h.c.internal.RegionFactoryInitiator    : HHH000026: Second-level cache disabled
2025-01-23T11:47:28.548+01:00  INFO 16555 --- [elections] [    Test worker] o.s.o.j.p.SpringPersistenceUnitInfo      : No LoadTimeWeaver setup: ignoring JPA class transformer
2025-01-23T11:47:28.574+01:00  INFO 16555 --- [elections] [    Test worker] com.zaxxer.hikari.HikariDataSource       : HikariPool-1 - Starting...
2025-01-23T11:47:28.820+01:00  INFO 16555 --- [elections] [    Test worker] com.zaxxer.hikari.pool.HikariPool        : HikariPool-1 - Added connection conn0: url=jdbc:h2:mem:testdb user=SA
2025-01-23T11:47:28.821+01:00  INFO 16555 --- [elections] [    Test worker] com.zaxxer.hikari.HikariDataSource       : HikariPool-1 - Start completed.
2025-01-23T11:47:28.858+01:00  WARN 16555 --- [elections] [    Test worker] org.hibernate.orm.deprecation            : HHH90000025: H2Dialect does not need to be specified explicitly using 'hibernate.dialect' (remove the property setting and it will be selected by default)
2025-01-23T11:47:29.819+01:00  INFO 16555 --- [elections] [    Test worker] o.h.e.t.j.p.i.JtaPlatformInitiator       : HHH000489: No JTA platform available (set 'hibernate.transaction.jta.platform' to enable JTA platform integration)
Hibernate: drop table if exists answer cascade 
Hibernate: drop table if exists answer_rating cascade 
Hibernate: drop table if exists candidate cascade 
Hibernate: drop table if exists chat_message cascade 
Hibernate: drop table if exists comment cascade 
Hibernate: drop table if exists comment_rating cascade 
Hibernate: drop table if exists confirmation_token cascade 
Hibernate: drop table if exists constituency cascade 
Hibernate: drop table if exists message_report cascade 
Hibernate: drop table if exists municipality cascade 
Hibernate: drop table if exists party cascade 
Hibernate: drop table if exists roles cascade 
Hibernate: drop table if exists station cascade 
Hibernate: drop table if exists tokens cascade 
Hibernate: drop table if exists topic cascade 
Hibernate: drop table if exists topic_rating cascade 
Hibernate: drop table if exists users cascade 
Hibernate: drop table if exists votes cascade 
Hibernate: drop sequence if exists confirmation_token_seq
Hibernate: drop sequence if exists tokens_seq
Hibernate: create sequence confirmation_token_seq start with 1 increment by 50
Hibernate: create sequence tokens_seq start with 1 increment by 50
Hibernate: create table answer (created_at timestamp(6), id bigint generated by default as identity, topic_id bigint not null, updated_at timestamp(6), user_id bigint not null, message varchar(500), primary key (id))
Hibernate: create table answer_rating (rating boolean, answer_id bigint not null, id bigint generated by default as identity, user_id bigint not null, primary key (id))
Hibernate: create table candidate (candidate_id integer not null, party_id integer not null, first_name varchar(255), initails varchar(255), last_name varchar(255), last_name_prefix varchar(255), locality varchar(255), primary key (candidate_id, party_id))
Hibernate: create table chat_message (created_at timestamp(6), id bigint generated by default as identity, topic_id bigint not null, updated_at timestamp(6), user_id bigint not null, message varchar(1000), primary key (id))
Hibernate: create table comment (answer_id bigint not null, created_at timestamp(6), id bigint generated by default as identity, updated_at timestamp(6), user_id bigint not null, message varchar(100), primary key (id))
Hibernate: create table comment_rating (rating boolean, comment_id bigint not null, id bigint generated by default as identity, user_id bigint not null, primary key (id))
Hibernate: create table confirmation_token (generation_token_id bigint not null, user_id bigint, confirmation_token varchar(255), primary key (generation_token_id))
Hibernate: create table constituency (constituency_id integer not null, name varchar(255), primary key (constituency_id))
Hibernate: create table message_report (handled boolean, created_at timestamp(6), handled_by bigint, id bigint generated by default as identity, message_id bigint, reported_id bigint, reporter_id bigint, updated_at timestamp(6), reason varchar(255), primary key (id))
Hibernate: create table municipality (constituency_id integer not null, municipality_id varchar(255) not null, name varchar(255), primary key (municipality_id))
Hibernate: create table party (party_id integer not null, logo varchar(255), name varchar(255), primary key (party_id))
Hibernate: create table roles (role_id bigint generated by default as identity, user_id bigint not null, name enum ('ADMIN','PARTYMEMBER','USER','VERIFIED') not null, primary key (role_id))
Hibernate: create table station (municipality_id varchar(255) not null, name varchar(255), station_id varchar(255) not null, zipcode varchar(255), primary key (station_id))
Hibernate: create table tokens (expired boolean not null, revoked boolean not null, token_id bigint not null, user_id bigint, token varchar(255) unique, token_type enum ('BEARER'), primary key (token_id))
Hibernate: create table topic (created_at timestamp(6), id bigint generated by default as identity, updated_at timestamp(6), user_id bigint not null, message varchar(1000), statement varchar(255), primary key (id))
Hibernate: create table topic_rating (rating boolean, id bigint generated by default as identity, topic_id bigint not null, user_id bigint not null, primary key (id))
Hibernate: create table users (enabled boolean not null, created_at timestamp(6), id bigint generated by default as identity, updated_at timestamp(6), email varchar(255), password varchar(255), username varchar(255), primary key (id))
Hibernate: create table votes (amount integer not null, candidate_id integer not null, party_id integer not null, station_id varchar(255) not null, primary key (candidate_id, party_id, station_id))
Hibernate: alter table if exists answer add constraint FKgew5a7jo3778hfx2kmdy78826 foreign key (topic_id) references topic
Hibernate: alter table if exists answer add constraint FKsdj8jab9t00diflkysw22k7bv foreign key (user_id) references users
Hibernate: alter table if exists answer_rating add constraint FKkrjkf1hwhtekc21hv09dxdnq4 foreign key (user_id) references users
Hibernate: alter table if exists answer_rating add constraint FKs4wbgj1wguaw8wcl26ad979yi foreign key (answer_id) references answer
Hibernate: alter table if exists candidate add constraint FK3aildy2n4alpob07lkh6qtx32 foreign key (party_id) references party
Hibernate: alter table if exists chat_message add constraint FKhxp8v0mkfw8ryb8u2chmrqwbq foreign key (topic_id) references topic
Hibernate: alter table if exists chat_message add constraint FKd3oo2bhroe16913kh5pwtgk3h foreign key (user_id) references users
Hibernate: alter table if exists comment add constraint FKdqc83j2n6hemidegfkim17d3l foreign key (answer_id) references answer
Hibernate: alter table if exists comment add constraint FKqm52p1v3o13hy268he0wcngr5 foreign key (user_id) references users
Hibernate: alter table if exists comment_rating add constraint FK4ukupkyf46pk6dfx2s5ht09nt foreign key (user_id) references users
Hibernate: alter table if exists comment_rating add constraint FKos5rqxslii4uuuteexwm9vqbc foreign key (comment_id) references comment
Hibernate: alter table if exists confirmation_token add constraint FKah4p1rycwibwm6s9bsyeckq51 foreign key (user_id) references users
Hibernate: alter table if exists message_report add constraint FKnl4kqd9rovdgf196w6mept5as foreign key (handled_by) references users
Hibernate: alter table if exists message_report add constraint FKsb1cqywqoo4unu4jn2rm166hb foreign key (message_id) references chat_message
Hibernate: alter table if exists message_report add constraint FK2j078cymd5bs8u9jrwp2372kx foreign key (reported_id) references users
Hibernate: alter table if exists message_report add constraint FK3ulk0jar0h84blylngia8v4h3 foreign key (reporter_id) references users
Hibernate: alter table if exists municipality add constraint FK49ad14rkjxqgpfoo9y8i91jpi foreign key (constituency_id) references constituency
Hibernate: alter table if exists roles add constraint FK97mxvrajhkq19dmvboprimeg1 foreign key (user_id) references users
Hibernate: alter table if exists station add constraint FKhaf1qfaombpkyhs4xl6sr84fd foreign key (municipality_id) references municipality
Hibernate: alter table if exists tokens add constraint FK2dylsfo39lgjyqml2tbe0b0ss foreign key (user_id) references users
Hibernate: alter table if exists topic add constraint FK3qd4k7we4cdll00i6x84afhi8 foreign key (user_id) references users
Hibernate: alter table if exists topic_rating add constraint FKhvdy97nlhym3fmh6iiudj78f8 foreign key (user_id) references users
Hibernate: alter table if exists topic_rating add constraint FK3fh88wyfrctas413bkbowklfv foreign key (topic_id) references topic
Hibernate: alter table if exists votes add constraint FK3dkfbc5tadp29txw2brf680j6 foreign key (candidate_id, party_id) references candidate
Hibernate: alter table if exists votes add constraint FK5dayh0t4eqt7o4ctu195v3jsw foreign key (party_id) references party
Hibernate: alter table if exists votes add constraint FK76q6jvyfrq8q8bqle7j32ljms foreign key (station_id) references station
2025-01-23T11:47:29.895+01:00  INFO 16555 --- [elections] [    Test worker] j.LocalContainerEntityManagerFactoryBean : Initialized JPA EntityManagerFactory for persistence unit 'default'
2025-01-23T11:47:29.931+01:00  WARN 16555 --- [elections] [    Test worker] o.s.aop.framework.CglibAopProxy          : Unable to proxy interface-implementing method [public final void org.springframework.web.filter.OncePerRequestFilter.doFilter(jakarta.servlet.ServletRequest,jakarta.servlet.ServletResponse,jakarta.servlet.FilterChain) throws jakarta.servlet.ServletException,java.io.IOException] because it is marked as final, consider using interface-based JDK proxies instead.
2025-01-23T11:47:29.931+01:00  WARN 16555 --- [elections] [    Test worker] o.s.aop.framework.CglibAopProxy          : Unable to proxy interface-implementing method [public final void org.springframework.web.filter.GenericFilterBean.init(jakarta.servlet.FilterConfig) throws jakarta.servlet.ServletException] because it is marked as final, consider using interface-based JDK proxies instead.
2025-01-23T11:47:30.174+01:00  INFO 16555 --- [elections] [    Test worker] o.s.d.j.r.query.QueryEnhancerFactory     : Hibernate is in classpath; If applicable, HQL parser will be used.
2025-01-23T11:47:31.156+01:00  WARN 16555 --- [elections] [    Test worker] JpaBaseConfiguration$JpaWebConfiguration : spring.jpa.open-in-view is enabled by default. Therefore, database queries may be performed during view rendering. Explicitly configure spring.jpa.open-in-view to disable this warning
2025-01-23T11:47:31.846+01:00  INFO 16555 --- [elections] [    Test worker] o.s.b.t.m.w.SpringBootMockServletContext : Initializing Spring TestDispatcherServlet ''
2025-01-23T11:47:31.846+01:00  INFO 16555 --- [elections] [    Test worker] o.s.t.web.servlet.TestDispatcherServlet  : Initializing Servlet ''
2025-01-23T11:47:31.846+01:00  INFO 16555 --- [elections] [    Test worker] o.s.t.web.servlet.TestDispatcherServlet  : Completed initialization in 0 ms
2025-01-23T11:47:31.856+01:00  INFO 16555 --- [elections] [    Test worker] o.s.m.s.b.SimpleBrokerMessageHandler     : Starting...
2025-01-23T11:47:31.856+01:00  INFO 16555 --- [elections] [    Test worker] o.s.m.s.b.SimpleBrokerMessageHandler     : BrokerAvailabilityEvent[available=true, SimpleBrokerMessageHandler [org.springframework.messaging.simp.broker.DefaultSubscriptionRegistry@352280f4]]
2025-01-23T11:47:31.856+01:00  INFO 16555 --- [elections] [    Test worker] o.s.m.s.b.SimpleBrokerMessageHandler     : Started.
2025-01-23T11:47:31.870+01:00  INFO 16555 --- [elections] [    Test worker] d.v.e.AuthenticationControllerTest       : Started AuthenticationControllerTest in 5.375 seconds (process running for 6.212)
]]></system-out>
  <system-err><![CDATA[WARNING: A Java agent has been loaded dynamically (/Users/aaronlaan/.gradle/caches/modules-2/files-2.1/net.bytebuddy/byte-buddy-agent/1.14.19/154da3a65b4f4a909d3e5bdec55d1b2b4cbb6ce1/byte-buddy-agent-1.14.19.jar)
WARNING: If a serviceability tool is in use, please run with -XX:+EnableDynamicAgentLoading to hide this warning
WARNING: If a serviceability tool is not in use, please run with -Djdk.instrument.traceUsage for more information
WARNING: Dynamic loading of agents will be disallowed by default in a future release
]]></system-err>
</testsuite>
