<?xml version="1.0" encoding="UTF-8"?>
<testsuite name="dev.visie.elections.ElectionsApplicationTests" tests="1" skipped="0" failures="0" errors="0" timestamp="2025-01-23T10:47:32" hostname="Mac.localdomain" time="0.003">
  <properties/>
  <testcase name="contextLoads()" classname="dev.visie.elections.ElectionsApplicationTests" time="0.003"/>
  <system-out><![CDATA[2025-01-23T11:47:32.028+01:00  INFO 16555 --- [elections] [    Test worker] t.c.s.AnnotationConfigContextLoaderUtils : Could not detect default configuration classes for test class [dev.visie.elections.ElectionsApplicationTests]: ElectionsApplicationTests does not declare any static, non-private, non-final, nested classes annotated with @Configuration.
2025-01-23T11:47:32.029+01:00  INFO 16555 --- [elections] [    Test worker] .b.t.c.SpringBootTestContextBootstrapper : Found @SpringBootConfiguration dev.visie.elections.ElectionsApplication for test class dev.visie.elections.ElectionsApplicationTests

  .   ____          _            __ _ _
 /\\ / ___'_ __ _ _(_)_ __  __ _ \ \ \ \
( ( )\___ | '_ | '_| | '_ \/ _` | \ \ \ \
 \\/  ___)| |_)| | | | | || (_| |  ) ) ) )
  '  |____| .__|_| |_|_| |_\__, | / / / /
 =========|_|==============|___/=/_/_/_/

 :: Spring Boot ::                (v3.3.3)

2025-01-23T11:47:32.043+01:00  INFO 16555 --- [elections] [    Test worker] d.v.elections.ElectionsApplicationTests  : Starting ElectionsApplicationTests using Java 21.0.3 with PID 16555 (started by aaronlaan in /Users/aaronlaan/Desktop/Repo/Java/siiquujuucii98/backend)
2025-01-23T11:47:32.043+01:00  INFO 16555 --- [elections] [    Test worker] d.v.elections.ElectionsApplicationTests  : The following 1 profile is active: "test"
2025-01-23T11:47:32.117+01:00  INFO 16555 --- [elections] [    Test worker] .s.d.r.c.RepositoryConfigurationDelegate : Bootstrapping Spring Data JPA repositories in DEFAULT mode.
2025-01-23T11:47:32.131+01:00  INFO 16555 --- [elections] [    Test worker] .s.d.r.c.RepositoryConfigurationDelegate : Finished Spring Data repository scanning in 13 ms. Found 17 JPA repository interfaces.
2025-01-23T11:47:32.227+01:00  INFO 16555 --- [elections] [    Test worker] o.hibernate.jpa.internal.util.LogHelper  : HHH000204: Processing PersistenceUnitInfo [name: default]
2025-01-23T11:47:32.228+01:00  INFO 16555 --- [elections] [    Test worker] o.h.c.internal.RegionFactoryInitiator    : HHH000026: Second-level cache disabled
2025-01-23T11:47:32.233+01:00  INFO 16555 --- [elections] [    Test worker] o.s.o.j.p.SpringPersistenceUnitInfo      : No LoadTimeWeaver setup: ignoring JPA class transformer
2025-01-23T11:47:32.233+01:00  INFO 16555 --- [elections] [    Test worker] com.zaxxer.hikari.HikariDataSource       : HikariPool-2 - Starting...
2025-01-23T11:47:32.234+01:00  INFO 16555 --- [elections] [    Test worker] com.zaxxer.hikari.pool.HikariPool        : HikariPool-2 - Added connection conn10: url=jdbc:h2:mem:testdb user=SA
2025-01-23T11:47:32.234+01:00  INFO 16555 --- [elections] [    Test worker] com.zaxxer.hikari.HikariDataSource       : HikariPool-2 - Start completed.
2025-01-23T11:47:32.234+01:00  WARN 16555 --- [elections] [    Test worker] org.hibernate.orm.deprecation            : HHH90000025: H2Dialect does not need to be specified explicitly using 'hibernate.dialect' (remove the property setting and it will be selected by default)
2025-01-23T11:47:32.391+01:00  INFO 16555 --- [elections] [    Test worker] o.h.e.t.j.p.i.JtaPlatformInitiator       : HHH000489: No JTA platform available (set 'hibernate.transaction.jta.platform' to enable JTA platform integration)
Hibernate: drop table if exists answer cascade 
Hibernate: drop table if exists answer_rating cascade 
Hibernate: drop table if exists candidate cascade 
Hibernate: drop table if exists chat_message cascade 
Hibernate: drop table if exists comment cascade 
Hibernate: drop table if exists comment_rating cascade 
Hibernate: drop table if exists confirmation_token cascade 
Hibernate: drop table if exists constituency cascade 
Hibernate: drop table if exists message_report cascade 
Hibernate: drop table if exists municipality cascade 
Hibernate: drop table if exists party cascade 
Hibernate: drop table if exists roles cascade 
Hibernate: drop table if exists station cascade 
Hibernate: drop table if exists tokens cascade 
Hibernate: drop table if exists topic cascade 
Hibernate: drop table if exists topic_rating cascade 
Hibernate: drop table if exists users cascade 
Hibernate: drop table if exists votes cascade 
Hibernate: drop sequence if exists confirmation_token_seq
Hibernate: drop sequence if exists tokens_seq
Hibernate: create sequence confirmation_token_seq start with 1 increment by 50
Hibernate: create sequence tokens_seq start with 1 increment by 50
Hibernate: create table answer (created_at timestamp(6), id bigint generated by default as identity, topic_id bigint not null, updated_at timestamp(6), user_id bigint not null, message varchar(500), primary key (id))
Hibernate: create table answer_rating (rating boolean, answer_id bigint not null, id bigint generated by default as identity, user_id bigint not null, primary key (id))
Hibernate: create table candidate (candidate_id integer not null, party_id integer not null, first_name varchar(255), initails varchar(255), last_name varchar(255), last_name_prefix varchar(255), locality varchar(255), primary key (candidate_id, party_id))
Hibernate: create table chat_message (created_at timestamp(6), id bigint generated by default as identity, topic_id bigint not null, updated_at timestamp(6), user_id bigint not null, message varchar(1000), primary key (id))
Hibernate: create table comment (answer_id bigint not null, created_at timestamp(6), id bigint generated by default as identity, updated_at timestamp(6), user_id bigint not null, message varchar(100), primary key (id))
Hibernate: create table comment_rating (rating boolean, comment_id bigint not null, id bigint generated by default as identity, user_id bigint not null, primary key (id))
Hibernate: create table confirmation_token (generation_token_id bigint not null, user_id bigint, confirmation_token varchar(255), primary key (generation_token_id))
Hibernate: create table constituency (constituency_id integer not null, name varchar(255), primary key (constituency_id))
Hibernate: create table message_report (handled boolean, created_at timestamp(6), handled_by bigint, id bigint generated by default as identity, message_id bigint, reported_id bigint, reporter_id bigint, updated_at timestamp(6), reason varchar(255), primary key (id))
Hibernate: create table municipality (constituency_id integer not null, municipality_id varchar(255) not null, name varchar(255), primary key (municipality_id))
Hibernate: create table party (party_id integer not null, logo varchar(255), name varchar(255), primary key (party_id))
Hibernate: create table roles (role_id bigint generated by default as identity, user_id bigint not null, name enum ('ADMIN','PARTYMEMBER','USER','VERIFIED') not null, primary key (role_id))
Hibernate: create table station (municipality_id varchar(255) not null, name varchar(255), station_id varchar(255) not null, zipcode varchar(255), primary key (station_id))
Hibernate: create table tokens (expired boolean not null, revoked boolean not null, token_id bigint not null, user_id bigint, token varchar(255) unique, token_type enum ('BEARER'), primary key (token_id))
Hibernate: create table topic (created_at timestamp(6), id bigint generated by default as identity, updated_at timestamp(6), user_id bigint not null, message varchar(1000), statement varchar(255), primary key (id))
Hibernate: create table topic_rating (rating boolean, id bigint generated by default as identity, topic_id bigint not null, user_id bigint not null, primary key (id))
Hibernate: create table users (enabled boolean not null, created_at timestamp(6), id bigint generated by default as identity, updated_at timestamp(6), email varchar(255), password varchar(255), username varchar(255), primary key (id))
Hibernate: create table votes (amount integer not null, candidate_id integer not null, party_id integer not null, station_id varchar(255) not null, primary key (candidate_id, party_id, station_id))
Hibernate: alter table if exists answer add constraint FKgew5a7jo3778hfx2kmdy78826 foreign key (topic_id) references topic
Hibernate: alter table if exists answer add constraint FKsdj8jab9t00diflkysw22k7bv foreign key (user_id) references users
Hibernate: alter table if exists answer_rating add constraint FKkrjkf1hwhtekc21hv09dxdnq4 foreign key (user_id) references users
Hibernate: alter table if exists answer_rating add constraint FKs4wbgj1wguaw8wcl26ad979yi foreign key (answer_id) references answer
Hibernate: alter table if exists candidate add constraint FK3aildy2n4alpob07lkh6qtx32 foreign key (party_id) references party
Hibernate: alter table if exists chat_message add constraint FKhxp8v0mkfw8ryb8u2chmrqwbq foreign key (topic_id) references topic
Hibernate: alter table if exists chat_message add constraint FKd3oo2bhroe16913kh5pwtgk3h foreign key (user_id) references users
Hibernate: alter table if exists comment add constraint FKdqc83j2n6hemidegfkim17d3l foreign key (answer_id) references answer
Hibernate: alter table if exists comment add constraint FKqm52p1v3o13hy268he0wcngr5 foreign key (user_id) references users
Hibernate: alter table if exists comment_rating add constraint FK4ukupkyf46pk6dfx2s5ht09nt foreign key (user_id) references users
Hibernate: alter table if exists comment_rating add constraint FKos5rqxslii4uuuteexwm9vqbc foreign key (comment_id) references comment
Hibernate: alter table if exists confirmation_token add constraint FKah4p1rycwibwm6s9bsyeckq51 foreign key (user_id) references users
Hibernate: alter table if exists message_report add constraint FKnl4kqd9rovdgf196w6mept5as foreign key (handled_by) references users
Hibernate: alter table if exists message_report add constraint FKsb1cqywqoo4unu4jn2rm166hb foreign key (message_id) references chat_message
Hibernate: alter table if exists message_report add constraint FK2j078cymd5bs8u9jrwp2372kx foreign key (reported_id) references users
Hibernate: alter table if exists message_report add constraint FK3ulk0jar0h84blylngia8v4h3 foreign key (reporter_id) references users
Hibernate: alter table if exists municipality add constraint FK49ad14rkjxqgpfoo9y8i91jpi foreign key (constituency_id) references constituency
Hibernate: alter table if exists roles add constraint FK97mxvrajhkq19dmvboprimeg1 foreign key (user_id) references users
Hibernate: alter table if exists station add constraint FKhaf1qfaombpkyhs4xl6sr84fd foreign key (municipality_id) references municipality
Hibernate: alter table if exists tokens add constraint FK2dylsfo39lgjyqml2tbe0b0ss foreign key (user_id) references users
Hibernate: alter table if exists topic add constraint FK3qd4k7we4cdll00i6x84afhi8 foreign key (user_id) references users
Hibernate: alter table if exists topic_rating add constraint FKhvdy97nlhym3fmh6iiudj78f8 foreign key (user_id) references users
Hibernate: alter table if exists topic_rating add constraint FK3fh88wyfrctas413bkbowklfv foreign key (topic_id) references topic
Hibernate: alter table if exists votes add constraint FK3dkfbc5tadp29txw2brf680j6 foreign key (candidate_id, party_id) references candidate
Hibernate: alter table if exists votes add constraint FK5dayh0t4eqt7o4ctu195v3jsw foreign key (party_id) references party
Hibernate: alter table if exists votes add constraint FK76q6jvyfrq8q8bqle7j32ljms foreign key (station_id) references station
2025-01-23T11:47:32.424+01:00  INFO 16555 --- [elections] [    Test worker] j.LocalContainerEntityManagerFactoryBean : Initialized JPA EntityManagerFactory for persistence unit 'default'
2025-01-23T11:47:32.625+01:00  WARN 16555 --- [elections] [    Test worker] JpaBaseConfiguration$JpaWebConfiguration : spring.jpa.open-in-view is enabled by default. Therefore, database queries may be performed during view rendering. Explicitly configure spring.jpa.open-in-view to disable this warning
2025-01-23T11:47:32.754+01:00  INFO 16555 --- [elections] [    Test worker] o.s.m.s.b.SimpleBrokerMessageHandler     : Starting...
2025-01-23T11:47:32.754+01:00  INFO 16555 --- [elections] [    Test worker] o.s.m.s.b.SimpleBrokerMessageHandler     : BrokerAvailabilityEvent[available=true, SimpleBrokerMessageHandler [org.springframework.messaging.simp.broker.DefaultSubscriptionRegistry@3ac1e0b8]]
2025-01-23T11:47:32.754+01:00  INFO 16555 --- [elections] [    Test worker] o.s.m.s.b.SimpleBrokerMessageHandler     : Started.
2025-01-23T11:47:32.756+01:00  INFO 16555 --- [elections] [    Test worker] d.v.elections.ElectionsApplicationTests  : Started ElectionsApplicationTests in 0.725 seconds (process running for 7.097)
]]></system-out>
  <system-err><![CDATA[]]></system-err>
</testsuite>
